# JRE version: Java(TM) SE Runtime Environment (8.0_111-b14) (build 1.8.0_111-b14)
# Java VM: Java HotSpot(TM) 64-Bit Server VM (25.111-b14 mixed mode windows-amd64 compressed oops)
Heap:
 PSYoungGen      total 142336K, used 48471K [0x00000000d5e00000, 0x00000000e8100000, 0x0000000100000000)
  eden space 129536K, 27% used [0x00000000d5e00000,0x00000000d80d7220,0x00000000ddc80000)
  from space 12800K, 99% used [0x00000000ddc80000,0x00000000de8fed80,0x00000000de900000)
  to   space 19456K, 0% used [0x00000000e6e00000,0x00000000e6e00000,0x00000000e8100000)
 ParOldGen       total 87552K, used 16252K [0x0000000081a00000, 0x0000000086f80000, 0x00000000d5e00000)
  object space 87552K, 18% used [0x0000000081a00000,0x00000000829df258,0x0000000086f80000)
 Metaspace       used 19779K, capacity 20022K, committed 20224K, reserved 1067008K
  class space    used 2481K, capacity 2550K, committed 2560K, reserved 1048576K
GC Heap History (10 events):
Event: 6.146 GC heap before
{Heap before GC invocations=3 (full 0):
 PSYoungGen      total 38400K, used 35840K [0x00000000d5e00000, 0x00000000da900000, 0x0000000100000000)
  eden space 33280K, 100% used [0x00000000d5e00000,0x00000000d7e80000,0x00000000d7e80000)
  from space 5120K, 50% used [0x00000000d8380000,0x00000000d8600020,0x00000000d8880000)
  to   space 5120K, 0% used [0x00000000d7e80000,0x00000000d7e80000,0x00000000d8380000)
 ParOldGen       total 87552K, used 24K [0x0000000081a00000, 0x0000000086f80000, 0x00000000d5e00000)
  object space 87552K, 0% used [0x0000000081a00000,0x0000000081a06000,0x0000000086f80000)
 Metaspace       used 12154K, capacity 12284K, committed 12544K, reserved 1060864K
  class space    used 1448K, capacity 1517K, committed 1536K, reserved 1048576K
Event: 6.151 GC heap after
Heap after GC invocations=3 (full 0):
 PSYoungGen      total 38400K, used 2736K [0x00000000d5e00000, 0x00000000da900000, 0x0000000100000000)
  eden space 33280K, 0% used [0x00000000d5e00000,0x00000000d5e00000,0x00000000d7e80000)
  from space 5120K, 53% used [0x00000000d7e80000,0x00000000d812c010,0x00000000d8380000)
  to   space 5120K, 0% used [0x00000000da400000,0x00000000da400000,0x00000000da900000)
 ParOldGen       total 87552K, used 32K [0x0000000081a00000, 0x0000000086f80000, 0x00000000d5e00000)
  object space 87552K, 0% used [0x0000000081a00000,0x0000000081a08000,0x0000000086f80000)
 Metaspace       used 12154K, capacity 12284K, committed 12544K, reserved 1060864K
  class space    used 1448K, capacity 1517K, committed 1536K, reserved 1048576K
}
Event: 6.233 GC heap before
{Heap before GC invocations=4 (full 0):
 PSYoungGen      total 38400K, used 36016K [0x00000000d5e00000, 0x00000000da900000, 0x0000000100000000)
  eden space 33280K, 100% used [0x00000000d5e00000,0x00000000d7e80000,0x00000000d7e80000)
  from space 5120K, 53% used [0x00000000d7e80000,0x00000000d812c010,0x00000000d8380000)
  to   space 5120K, 0% used [0x00000000da400000,0x00000000da400000,0x00000000da900000)
 ParOldGen       total 87552K, used 32K [0x0000000081a00000, 0x0000000086f80000, 0x00000000d5e00000)
  object space 87552K, 0% used [0x0000000081a00000,0x0000000081a08000,0x0000000086f80000)
 Metaspace       used 12182K, capacity 12348K, committed 12544K, reserved 1060864K
  class space    used 1452K, capacity 1517K, committed 1536K, reserved 1048576K
Event: 6.239 GC heap after
Heap after GC invocations=4 (full 0):
 PSYoungGen      total 71680K, used 2976K [0x00000000d5e00000, 0x00000000da900000, 0x0000000100000000)
  eden space 66560K, 0% used [0x00000000d5e00000,0x00000000d5e00000,0x00000000d9f00000)
  from space 5120K, 58% used [0x00000000da400000,0x00000000da6e8020,0x00000000da900000)
  to   space 5120K, 0% used [0x00000000d9f00000,0x00000000d9f00000,0x00000000da400000)
 ParOldGen       total 87552K, used 40K [0x0000000081a00000, 0x0000000086f80000, 0x00000000d5e00000)
  object space 87552K, 0% used [0x0000000081a00000,0x0000000081a0a000,0x0000000086f80000)
 Metaspace       used 12182K, capacity 12348K, committed 12544K, reserved 1060864K
  class space    used 1452K, capacity 1517K, committed 1536K, reserved 1048576K
}
Event: 6.495 GC heap before
{Heap before GC invocations=5 (full 0):
 PSYoungGen      total 71680K, used 69536K [0x00000000d5e00000, 0x00000000da900000, 0x0000000100000000)
  eden space 66560K, 100% used [0x00000000d5e00000,0x00000000d9f00000,0x00000000d9f00000)
  from space 5120K, 58% used [0x00000000da400000,0x00000000da6e8020,0x00000000da900000)
  to   space 5120K, 0% used [0x00000000d9f00000,0x00000000d9f00000,0x00000000da400000)
 ParOldGen       total 87552K, used 40K [0x0000000081a00000, 0x0000000086f80000, 0x00000000d5e00000)
  object space 87552K, 0% used [0x0000000081a00000,0x0000000081a0a000,0x0000000086f80000)
 Metaspace       used 12424K, capacity 12636K, committed 12928K, reserved 1060864K
  class space    used 1470K, capacity 1549K, committed 1664K, reserved 1048576K
Event: 6.508 GC heap after
Heap after GC invocations=5 (full 0):
 PSYoungGen      total 71680K, used 5117K [0x00000000d5e00000, 0x00000000df200000, 0x0000000100000000)
  eden space 66560K, 0% used [0x00000000d5e00000,0x00000000d5e00000,0x00000000d9f00000)
  from space 5120K, 99% used [0x00000000d9f00000,0x00000000da3ff4a8,0x00000000da400000)
  to   space 9216K, 0% used [0x00000000de900000,0x00000000de900000,0x00000000df200000)
 ParOldGen       total 87552K, used 5462K [0x0000000081a00000, 0x0000000086f80000, 0x00000000d5e00000)
  object space 87552K, 6% used [0x0000000081a00000,0x0000000081f558e0,0x0000000086f80000)
 Metaspace       used 12424K, capacity 12636K, committed 12928K, reserved 1060864K
  class space    used 1470K, capacity 1549K, committed 1664K, reserved 1048576K
}
Event: 7.087 GC heap before
{Heap before GC invocations=6 (full 0):
 PSYoungGen      total 71680K, used 71677K [0x00000000d5e00000, 0x00000000df200000, 0x0000000100000000)
  eden space 66560K, 100% used [0x00000000d5e00000,0x00000000d9f00000,0x00000000d9f00000)
  from space 5120K, 99% used [0x00000000d9f00000,0x00000000da3ff4a8,0x00000000da400000)
  to   space 9216K, 0% used [0x00000000de900000,0x00000000de900000,0x00000000df200000)
 ParOldGen       total 87552K, used 5462K [0x0000000081a00000, 0x0000000086f80000, 0x00000000d5e00000)
  object space 87552K, 6% used [0x0000000081a00000,0x0000000081f558e0,0x0000000086f80000)
 Metaspace       used 12482K, capacity 12636K, committed 12928K, reserved 1060864K
  class space    used 1472K, capacity 1549K, committed 1664K, reserved 1048576K
Event: 7.106 GC heap after
Heap after GC invocations=6 (full 0):
 PSYoungGen      total 138752K, used 9213K [0x00000000d5e00000, 0x00000000df900000, 0x0000000100000000)
  eden space 129536K, 0% used [0x00000000d5e00000,0x00000000d5e00000,0x00000000ddc80000)
  from space 9216K, 99% used [0x00000000de900000,0x00000000df1ff468,0x00000000df200000)
  to   space 12800K, 0% used [0x00000000ddc80000,0x00000000ddc80000,0x00000000de900000)
 ParOldGen       total 87552K, used 8546K [0x0000000081a00000, 0x0000000086f80000, 0x00000000d5e00000)
  object space 87552K, 9% used [0x0000000081a00000,0x00000000822589f0,0x0000000086f80000)
 Metaspace       used 12482K, capacity 12636K, committed 12928K, reserved 1060864K
  class space    used 1472K, capacity 1549K, committed 1664K, reserved 1048576K
}
Event: 8.485 GC heap before
{Heap before GC invocations=7 (full 0):
 PSYoungGen      total 138752K, used 138345K [0x00000000d5e00000, 0x00000000df900000, 0x0000000100000000)
  eden space 129536K, 99% used [0x00000000d5e00000,0x00000000ddc1b1e8,0x00000000ddc80000)
  from space 9216K, 99% used [0x00000000de900000,0x00000000df1ff468,0x00000000df200000)
  to   space 12800K, 0% used [0x00000000ddc80000,0x00000000ddc80000,0x00000000de900000)
 ParOldGen       total 87552K, used 8546K [0x0000000081a00000, 0x0000000086f80000, 0x00000000d5e00000)
  object space 87552K, 9% used [0x0000000081a00000,0x00000000822589f0,0x0000000086f80000)
 Metaspace       used 18857K, capacity 19094K, committed 19456K, reserved 1067008K
  class space    used 2427K, capacity 2518K, committed 2560K, reserved 1048576K
Event: 8.511 GC heap after
Heap after GC invocations=7 (full 0):
 PSYoungGen      total 142336K, used 12795K [0x00000000d5e00000, 0x00000000e8100000, 0x0000000100000000)
  eden space 129536K, 0% used [0x00000000d5e00000,0x00000000d5e00000,0x00000000ddc80000)
  from space 12800K, 99% used [0x00000000ddc80000,0x00000000de8fed80,0x00000000de900000)
  to   space 19456K, 0% used [0x00000000e6e00000,0x00000000e6e00000,0x00000000e8100000)
 ParOldGen       total 87552K, used 16252K [0x0000000081a00000, 0x0000000086f80000, 0x00000000d5e00000)
  object space 87552K, 18% used [0x0000000081a00000,0x00000000829df258,0x0000000086f80000)
 Metaspace       used 18857K, capacity 19094K, committed 19456K, reserved 1067008K
  class space    used 2427K, capacity 2518K, committed 2560K, reserved 1048576K
}

